mktexpk --mfmode / --bdpi 600 --mag 0+466/600 --dpi 466 hlcry
mktexpk --mfmode / --bdpi 600 --mag 0+466/600 --dpi 466 hlhr8r
mktexpk --mfmode / --bdpi 600 --mag 0+518/600 --dpi 518 hlsrt8r
mktexpk --mfmode / --bdpi 600 --mag 0+518/600 --dpi 518 hlhb8r
mktexpk --mfmode / --bdpi 600 --mag 0+570/600 --dpi 570 hlcrv
mktexpk --mfmode / --bdpi 600 --mag 0+570/600 --dpi 570 hlsr8r
mktexpk --mfmode / --bdpi 600 --mag 0+417/600 --dpi 417 hlcrima
mktexpk --mfmode / --bdpi 600 --mag 0+570/600 --dpi 570 hlcrm
mktexpk --mfmode / --bdpi 600 --mag 0+570/600 --dpi 570 hlcry
mktexpk --mfmode / --bdpi 600 --mag 0+570/600 --dpi 570 hlcrima
mktexpk --mfmode / --bdpi 600 --mag 0+417/600 --dpi 417 hlhr8r
mktexpk --mfmode / --bdpi 600 --mag 0+417/600 --dpi 417 hlcry
mktexpk --mfmode / --bdpi 600 --mag 0+570/600 --dpi 570 hlhri8r
mktexpk --mfmode / --bdpi 600 --mag 0+570/600 --dpi 570 hlhro8r
mktexpk --mfmode / --bdpi 600 --mag 0+570/600 --dpi 570 hlhb8r
mktexpk --mfmode / --bdpi 600 --mag 0+518/600 --dpi 518 hlcrima
mktexpk --mfmode / --bdpi 600 --mag 0+518/600 --dpi 518 hlcry
mktexpk --mfmode / --bdpi 600 --mag 0+367/600 --dpi 367 hlhr8r
mktexpk --mfmode / --bdpi 600 --mag 0+367/600 --dpi 367 hlcry
mktexpk --mfmode / --bdpi 600 --mag 1+70/600 --dpi 670 hlhb8r
mktexpk --mfmode / --bdpi 600 --mag 0+518/600 --dpi 518 hlhr8r
mktexpk --mfmode / --bdpi 600 --mag 1+70/600 --dpi 670 hlhr8r
mktexpk --mfmode / --bdpi 600 --mag 1+195/600 --dpi 795 hlhb8r
mktexpk --mfmode / --bdpi 600 --mag 0+570/600 --dpi 570 hlhr8r
mktexpk --mfmode / --bdpi 600 --mag 0+466/600 --dpi 466 hlcry
mktexpk --mfmode / --bdpi 600 --mag 0+466/600 --dpi 466 hlhr8r
mktexpk --mfmode / --bdpi 600 --mag 0+518/600 --dpi 518 hlsrt8r
mktexpk --mfmode / --bdpi 600 --mag 0+518/600 --dpi 518 hlhb8r
mktexpk --mfmode / --bdpi 600 --mag 0+570/600 --dpi 570 hlcrv
mktexpk --mfmode / --bdpi 600 --mag 0+570/600 --dpi 570 hlsr8r
mktexpk --mfmode / --bdpi 600 --mag 0+417/600 --dpi 417 hlcrima
mktexpk --mfmode / --bdpi 600 --mag 0+570/600 --dpi 570 hlcrm
mktexpk --mfmode / --bdpi 600 --mag 0+570/600 --dpi 570 hlcry
mktexpk --mfmode / --bdpi 600 --mag 0+570/600 --dpi 570 hlcrima
mktexpk --mfmode / --bdpi 600 --mag 0+417/600 --dpi 417 hlhr8r
mktexpk --mfmode / --bdpi 600 --mag 0+417/600 --dpi 417 hlcry
mktexpk --mfmode / --bdpi 600 --mag 0+570/600 --dpi 570 hlhri8r
mktexpk --mfmode / --bdpi 600 --mag 0+570/600 --dpi 570 hlhro8r
mktexpk --mfmode / --bdpi 600 --mag 0+570/600 --dpi 570 hlhb8r
mktexpk --mfmode / --bdpi 600 --mag 0+518/600 --dpi 518 hlcrima
mktexpk --mfmode / --bdpi 600 --mag 0+518/600 --dpi 518 hlcry
mktexpk --mfmode / --bdpi 600 --mag 0+367/600 --dpi 367 hlhr8r
mktexpk --mfmode / --bdpi 600 --mag 0+367/600 --dpi 367 hlcry
mktexpk --mfmode / --bdpi 600 --mag 1+70/600 --dpi 670 hlhb8r
mktexpk --mfmode / --bdpi 600 --mag 0+518/600 --dpi 518 hlhr8r
mktexpk --mfmode / --bdpi 600 --mag 1+70/600 --dpi 670 hlhr8r
mktexpk --mfmode / --bdpi 600 --mag 1+195/600 --dpi 795 hlhb8r
mktexpk --mfmode / --bdpi 600 --mag 0+570/600 --dpi 570 hlhr8r
